-------------------------------------------------------------------------------
Test set: com.flares.countryInfoTest.CountryApiTest
-------------------------------------------------------------------------------
Tests run: 1, Failures: 0, Errors: 1, Skipped: 0, Time elapsed: 0.095 s <<< FAILURE! - in com.flares.countryInfoTest.CountryApiTest
com.flares.countryInfoTest.CountryApiTest  Time elapsed: 0.095 s  <<< ERROR!
java.lang.IllegalStateException: Unable to find a @SpringBootConfiguration, you need to use @ContextConfiguration or @SpringBootTest(classes=...) with your test

